<?xml version="1.0" encoding="utf-8"?><testsuites name="pytest tests"><testsuite name="pytest" errors="0" failures="0" skipped="0" tests="6" time="0.041" timestamp="2025-11-07T08:38:40.624274+00:00" hostname="runnervmw9dnm"><testcase classname="tests.phase11.test_11C_behavioral_verification" name="test_import_11c" time="0.003" /><testcase classname="tests.phase11.test_11C_behavioral_verification" name="test_has_config_template" time="0.000" /><testcase classname="tests.phase11.test_11D_api_callchain" name="test_import_11d" time="0.001" /><testcase classname="tests.phase11.test_11D_api_callchain" name="test_config_exists" time="0.000" /><testcase classname="tests.phase11.test_11D_api_callchain_integrity" name="test_import_11d" time="0.001" /><testcase classname="tests.phase11.test_11D_api_callchain_integrity" name="test_has_api_config" time="0.000" /></testsuite></testsuites>
